<?xml version="1.0" encoding="UTF-8"?>
<!-- Generated by org.testng.reporters.JUnitReportReporter -->
<testsuite hostname="jhoglus-Mac.lan" failures="0" tests="1" name="testCases.TC001_LoginClick" time="60.429" errors="0" timestamp="2024-11-13T00:58:21 EST" skipped="0">
  <testcase classname="testCases.TC001_LoginClick" name="verify_login_click" time="60.429"/>
  <system-out/>
</testsuite> <!-- testCases.TC001_LoginClick -->
